INFO 2026-04-01 18:12:28,538 autoreload 7 140660200260352 Watching for file changes with StatReloader
INFO 2026-04-01 18:22:40,644 autoreload 7 140638078874368 Watching for file changes with StatReloader
INFO 2026-04-01 18:25:06,637 autoreload 7 140638078874368 /app/apps/products/apps.py changed, reloading.
INFO 2026-04-01 18:25:08,095 autoreload 9 140188315525888 Watching for file changes with StatReloader
INFO 2026-04-01 18:27:41,886 autoreload 7 140251985969920 Watching for file changes with StatReloader
INFO 2026-04-01 18:29:38,999 autoreload 7 140251985969920 /app/apps/sales/models.py changed, reloading.
INFO 2026-04-01 18:29:40,537 autoreload 9 140424712270592 Watching for file changes with StatReloader
INFO 2026-04-01 18:30:12,611 autoreload 7 140569674670848 Watching for file changes with StatReloader
INFO 2026-04-01 18:33:32,909 autoreload 7 139628279436032 Watching for file changes with StatReloader
INFO 2026-04-01 18:35:35,306 autoreload 7 139628279436032 /app/apps/products/views.py changed, reloading.
INFO 2026-04-01 18:35:36,945 autoreload 9 140593104614144 Watching for file changes with StatReloader
INFO 2026-04-01 18:35:38,732 autoreload 9 140593104614144 /app/apps/products/views.py changed, reloading.
INFO 2026-04-01 18:35:39,934 autoreload 11 140484327338752 Watching for file changes with StatReloader
INFO 2026-04-01 18:36:31,496 autoreload 11 140484327338752 /app/apps/products/views.py changed, reloading.
INFO 2026-04-01 18:36:32,898 autoreload 13 139712007324416 Watching for file changes with StatReloader
INFO 2026-04-01 18:36:34,706 autoreload 13 139712007324416 /app/apps/products/views.py changed, reloading.
INFO 2026-04-01 18:36:36,029 autoreload 15 140137228210944 Watching for file changes with StatReloader
INFO 2026-04-01 18:36:37,864 autoreload 15 140137228210944 /app/apps/products/views.py changed, reloading.
INFO 2026-04-01 18:36:39,132 autoreload 17 140238160933632 Watching for file changes with StatReloader
INFO 2026-04-01 18:37:06,472 autoreload 7 140026057044736 Watching for file changes with StatReloader
INFO 2026-04-01 18:38:54,091 autoreload 7 140026057044736 /app/apps/sales/serializers.py changed, reloading.
INFO 2026-04-01 18:38:55,654 autoreload 9 139787222930176 Watching for file changes with StatReloader
INFO 2026-04-01 18:38:57,491 autoreload 9 139787222930176 /app/apps/sales/serializers.py changed, reloading.
INFO 2026-04-01 18:38:58,739 autoreload 11 139960009114368 Watching for file changes with StatReloader
INFO 2026-04-01 18:39:44,428 autoreload 7 140438969705216 Watching for file changes with StatReloader
INFO 2026-04-01 18:41:37,930 autoreload 7 140438969705216 /app/apps/sales/models.py changed, reloading.
INFO 2026-04-01 18:41:39,496 autoreload 9 139924713591552 Watching for file changes with StatReloader
INFO 2026-04-01 18:41:42,343 autoreload 9 139924713591552 /app/apps/sales/models.py changed, reloading.
INFO 2026-04-01 18:41:43,728 autoreload 11 140577163948800 Watching for file changes with StatReloader
INFO 2026-04-01 18:41:46,680 autoreload 11 140577163948800 /app/apps/sales/models.py changed, reloading.
INFO 2026-04-01 18:41:48,047 autoreload 13 139920368767744 Watching for file changes with StatReloader
INFO 2026-04-01 18:41:53,061 autoreload 13 139920368767744 /app/apps/sales/models.py changed, reloading.
INFO 2026-04-01 18:41:54,313 autoreload 15 140341958501120 Watching for file changes with StatReloader
INFO 2026-04-01 18:42:13,104 autoreload 7 140022490329856 Watching for file changes with StatReloader
INFO 2026-04-01 18:43:50,050 autoreload 7 140022490329856 /app/apps/sales/models.py changed, reloading.
INFO 2026-04-01 18:43:51,465 autoreload 9 140540281627392 Watching for file changes with StatReloader
INFO 2026-04-01 18:43:57,617 autoreload 9 140540281627392 /app/apps/sales/models.py changed, reloading.
INFO 2026-04-01 18:43:58,884 autoreload 11 139922276647680 Watching for file changes with StatReloader
INFO 2026-04-01 18:44:21,213 autoreload 7 139716792689408 Watching for file changes with StatReloader
INFO 2026-04-01 18:46:02,981 autoreload 7 139716792689408 /app/core/settings.py changed, reloading.
INFO 2026-04-01 18:46:04,296 autoreload 9 139654542721792 Watching for file changes with StatReloader
INFO 2026-04-01 18:46:46,855 autoreload 7 140025465881344 Watching for file changes with StatReloader
INFO 2026-04-01 18:49:06,289 autoreload 7 139710788711168 Watching for file changes with StatReloader
INFO 2026-04-01 18:57:59,501 autoreload 7 139750485521152 Watching for file changes with StatReloader
INFO 2026-04-01 18:59:42,329 autoreload 7 139693430752000 Watching for file changes with StatReloader
INFO 2026-04-01 19:04:09,539 autoreload 7 140602366231296 Watching for file changes with StatReloader
INFO 2026-04-01 19:07:56,582 autoreload 7 139860243886848 Watching for file changes with StatReloader
INFO 2026-04-01 19:11:37,267 autoreload 7 139891385815808 Watching for file changes with StatReloader
INFO 2026-04-01 19:26:51,895 basehttp 7 139891295909568 "GET /admin/ HTTP/1.1" 302 0
INFO 2026-04-01 19:26:51,944 basehttp 7 139891295909568 "GET /admin/login/?next=/admin/ HTTP/1.1" 200 4163
INFO 2026-04-01 19:26:51,969 basehttp 7 139891295909568 "GET /static/admin/css/base.css HTTP/1.1" 200 21544
INFO 2026-04-01 19:26:51,978 basehttp 7 139891295909568 "GET /static/admin/css/dark_mode.css HTTP/1.1" 200 2682
INFO 2026-04-01 19:26:51,985 basehttp 7 139891286468288 "GET /static/admin/css/nav_sidebar.css HTTP/1.1" 200 2810
INFO 2026-04-01 19:26:51,987 basehttp 7 139891295909568 "GET /static/admin/js/nav_sidebar.js HTTP/1.1" 200 3063
INFO 2026-04-01 19:26:51,988 basehttp 7 139891278075584 "GET /static/admin/css/login.css HTTP/1.1" 200 958
INFO 2026-04-01 19:26:51,990 basehttp 7 139891269682880 "GET /static/admin/css/responsive.css HTTP/1.1" 200 17905
INFO 2026-04-01 19:26:51,991 basehttp 7 139891261290176 "GET /static/admin/js/theme.js HTTP/1.1" 200 1943
INFO 2026-04-01 19:27:03,757 basehttp 7 139891261290176 "POST /admin/login/?next=/admin/ HTTP/1.1" 302 0
INFO 2026-04-01 19:27:03,792 basehttp 7 139891261290176 "GET /admin/ HTTP/1.1" 200 8791
INFO 2026-04-01 19:27:03,820 basehttp 7 139891261290176 "GET /static/admin/css/dashboard.css HTTP/1.1" 200 441
INFO 2026-04-01 19:27:03,825 basehttp 7 139891269682880 "GET /static/admin/img/icon-addlink.svg HTTP/1.1" 200 331
INFO 2026-04-01 19:27:03,826 basehttp 7 139891278075584 "GET /static/admin/img/icon-changelink.svg HTTP/1.1" 200 380
INFO 2026-04-01 19:27:08,183 basehttp 7 139891261290176 "GET /admin/products/product/ HTTP/1.1" 200 47298
INFO 2026-04-01 19:27:08,214 basehttp 7 139891261290176 "GET /static/admin/css/changelists.css HTTP/1.1" 200 6811
INFO 2026-04-01 19:27:08,217 basehttp 7 139891295909568 "GET /static/admin/js/jquery.init.js HTTP/1.1" 200 347
INFO 2026-04-01 19:27:08,218 basehttp 7 139891286468288 "GET /static/admin/js/core.js HTTP/1.1" 200 6208
INFO 2026-04-01 19:27:08,221 basehttp 7 139890910033600 "GET /static/admin/js/admin/RelatedObjectLookups.js HTTP/1.1" 200 9042
INFO 2026-04-01 19:27:08,224 basehttp 7 139891261290176 "GET /static/admin/js/actions.js HTTP/1.1" 200 8067
INFO 2026-04-01 19:27:08,229 basehttp 7 139891261290176 "GET /static/admin/img/search.svg HTTP/1.1" 200 458
INFO 2026-04-01 19:27:08,231 basehttp 7 139891286468288 "GET /static/admin/js/prepopulate.js HTTP/1.1" 200 1531
INFO 2026-04-01 19:27:08,235 basehttp 7 139891295909568 "GET /static/admin/js/urlify.js HTTP/1.1" 200 7887
INFO 2026-04-01 19:27:08,236 basehttp 7 139891278075584 "GET /admin/jsi18n/ HTTP/1.1" 200 3342
INFO 2026-04-01 19:27:08,239 basehttp 7 139891286468288 "GET /static/admin/img/icon-yes.svg HTTP/1.1" 200 436
INFO 2026-04-01 19:27:08,242 basehttp 7 139891269682880 "GET /static/admin/js/vendor/jquery/jquery.js HTTP/1.1" 200 285314
INFO 2026-04-01 19:27:08,243 basehttp 7 139890910033600 "GET /static/admin/js/vendor/xregexp/xregexp.js HTTP/1.1" 200 325171
INFO 2026-04-01 19:27:08,263 basehttp 7 139890910033600 "GET /static/admin/js/filters.js HTTP/1.1" 200 978
INFO 2026-04-01 19:27:08,267 basehttp 7 139891269682880 "GET /static/admin/img/tooltag-add.svg HTTP/1.1" 200 331
INFO 2026-04-01 19:27:08,269 basehttp 7 139891278075584 "GET /static/admin/img/icon-viewlink.svg HTTP/1.1" 200 581
INFO 2026-04-01 19:27:10,578 basehttp 7 139891278075584 "GET /admin/products/category/ HTTP/1.1" 200 11190
INFO 2026-04-01 19:27:10,618 basehttp 7 139891278075584 "GET /admin/jsi18n/ HTTP/1.1" 200 3342
INFO 2026-04-01 19:27:12,998 basehttp 7 139891278075584 "GET /admin/products/product/ HTTP/1.1" 200 47298
INFO 2026-04-01 19:27:13,038 basehttp 7 139891278075584 "GET /admin/jsi18n/ HTTP/1.1" 200 3342
INFO 2026-04-01 19:31:00,169 autoreload 7 139891385815808 /app/core/settings.py changed, reloading.
INFO 2026-04-01 19:31:01,465 autoreload 28 140254284116736 Watching for file changes with StatReloader
INFO 2026-04-01 19:31:03,353 autoreload 28 140254284116736 /app/core/settings.py changed, reloading.
INFO 2026-04-01 19:31:04,613 autoreload 30 140238821286656 Watching for file changes with StatReloader
INFO 2026-04-01 19:31:06,422 autoreload 30 140238821286656 /app/core/settings.py changed, reloading.
INFO 2026-04-01 19:31:07,672 autoreload 32 140618469835520 Watching for file changes with StatReloader
INFO 2026-04-01 19:38:02,760 autoreload 7 140235578860288 Watching for file changes with StatReloader
INFO 2026-04-01 19:41:54,375 autoreload 7 140455454290688 Watching for file changes with StatReloader
INFO 2026-04-01 19:46:16,102 autoreload 7 140513751536384 Watching for file changes with StatReloader
INFO 2026-04-01 19:50:29,557 autoreload 7 140300280705792 Watching for file changes with StatReloader
INFO 2026-04-01 19:53:10,143 autoreload 7 140509144072960 Watching for file changes with StatReloader
INFO 2026-04-01 19:54:57,813 autoreload 7 139936308454144 Watching for file changes with StatReloader
INFO 2026-04-01 19:56:26,331 autoreload 7 140122686542592 Watching for file changes with StatReloader
INFO 2026-04-01 19:56:45,135 basehttp 7 140122596046528 "GET /admin/products/product/20/change/ HTTP/1.1" 200 19931
INFO 2026-04-01 19:56:45,163 basehttp 7 140122596046528 "GET /static/admin/css/base.css HTTP/1.1" 304 0
INFO 2026-04-01 19:56:45,168 basehttp 7 140122587653824 "GET /static/admin/css/forms.css HTTP/1.1" 200 9048
INFO 2026-04-01 19:56:45,176 basehttp 7 140122587653824 "GET /static/admin/js/jquery.init.js HTTP/1.1" 304 0
INFO 2026-04-01 19:56:45,177 basehttp 7 140122360112832 "GET /static/admin/css/nav_sidebar.css HTTP/1.1" 304 0
INFO 2026-04-01 19:56:45,179 basehttp 7 140122368505536 "GET /static/admin/css/dark_mode.css HTTP/1.1" 304 0
INFO 2026-04-01 19:56:45,180 basehttp 7 140122343327424 "GET /static/admin/js/vendor/jquery/jquery.js HTTP/1.1" 304 0
INFO 2026-04-01 19:56:45,183 basehttp 7 140122360112832 "GET /static/admin/css/responsive.css HTTP/1.1" 304 0
INFO 2026-04-01 19:56:45,185 basehttp 7 140122343327424 "GET /static/admin/js/core.js HTTP/1.1" 304 0
INFO 2026-04-01 19:56:45,186 basehttp 7 140122368505536 "GET /static/admin/css/widgets.css HTTP/1.1" 200 11800
INFO 2026-04-01 19:56:45,190 basehttp 7 140122368505536 "GET /static/admin/js/inlines.js HTTP/1.1" 200 15526
INFO 2026-04-01 19:56:45,193 basehttp 7 140122368505536 "GET /static/admin/js/admin/RelatedObjectLookups.js HTTP/1.1" 304 0
INFO 2026-04-01 19:56:45,194 basehttp 7 140122351720128 "GET /admin/jsi18n/ HTTP/1.1" 200 3342
INFO 2026-04-01 19:56:45,197 basehttp 7 140122351720128 "GET /static/admin/js/actions.js HTTP/1.1" 304 0
INFO 2026-04-01 19:56:45,210 basehttp 7 140122596046528 "GET /static/admin/js/urlify.js HTTP/1.1" 304 0
INFO 2026-04-01 19:56:45,231 basehttp 7 140122343327424 "GET /static/admin/js/vendor/xregexp/xregexp.js HTTP/1.1" 304 0
INFO 2026-04-01 19:56:45,232 basehttp 7 140122587653824 "GET /static/admin/js/prepopulate.js HTTP/1.1" 304 0
INFO 2026-04-01 19:56:45,242 basehttp 7 140122368505536 "GET /static/admin/js/prepopulate_init.js HTTP/1.1" 200 586
INFO 2026-04-01 19:56:45,293 basehttp 7 140122368505536 "GET /static/admin/js/theme.js HTTP/1.1" 304 0
INFO 2026-04-01 19:56:45,300 basehttp 7 140122587653824 "GET /static/admin/js/nav_sidebar.js HTTP/1.1" 304 0
INFO 2026-04-01 19:56:45,300 basehttp 7 140122596046528 "GET /static/admin/img/icon-addlink.svg HTTP/1.1" 304 0
INFO 2026-04-01 19:56:45,303 basehttp 7 140122360112832 "GET /static/admin/img/icon-viewlink.svg HTTP/1.1" 304 0
INFO 2026-04-01 19:56:45,303 basehttp 7 140122343327424 "GET /static/admin/img/icon-changelink.svg HTTP/1.1" 304 0
INFO 2026-04-01 19:56:45,304 basehttp 7 140122351720128 "GET /static/admin/js/change_form.js HTTP/1.1" 200 606
INFO 2026-04-01 19:56:45,361 basehttp 7 140122343327424 "GET /static/admin/img/inline-delete.svg HTTP/1.1" 200 560
INFO 2026-04-01 19:56:51,519 basehttp 7 140122343327424 "GET /admin/products/category/ HTTP/1.1" 200 11190
INFO 2026-04-01 19:56:51,543 basehttp 7 140122343327424 "GET /static/admin/css/changelists.css HTTP/1.1" 304 0
INFO 2026-04-01 19:56:51,557 basehttp 7 140122587653824 "GET /admin/jsi18n/ HTTP/1.1" 200 3342
INFO 2026-04-01 19:56:51,561 basehttp 7 140122587653824 "GET /static/admin/js/filters.js HTTP/1.1" 304 0
INFO 2026-04-01 19:56:55,261 basehttp 7 140122587653824 "GET /admin/products/product/ HTTP/1.1" 200 47298
INFO 2026-04-01 19:56:55,288 basehttp 7 140122343327424 "GET /static/admin/img/search.svg HTTP/1.1" 304 0
INFO 2026-04-01 19:56:55,288 basehttp 7 140122596046528 "GET /static/admin/img/icon-yes.svg HTTP/1.1" 304 0
INFO 2026-04-01 19:56:55,300 basehttp 7 140122587653824 "GET /admin/jsi18n/ HTTP/1.1" 200 3342
INFO 2026-04-01 20:00:00,338 autoreload 7 140663660585728 Watching for file changes with StatReloader
INFO 2026-04-02 10:21:15,714 autoreload 7 140170819281664 Watching for file changes with StatReloader
INFO 2026-04-02 10:35:12,980 basehttp 7 140170728830656 "GET /admin/ HTTP/1.1" 200 8791
INFO 2026-04-02 10:35:13,003 basehttp 7 140170728830656 "GET /static/admin/css/base.css HTTP/1.1" 304 0
INFO 2026-04-02 10:35:13,007 basehttp 7 140170720437952 "GET /static/admin/css/dark_mode.css HTTP/1.1" 304 0
INFO 2026-04-02 10:35:13,010 basehttp 7 140170712045248 "GET /static/admin/css/nav_sidebar.css HTTP/1.1" 304 0
INFO 2026-04-02 10:35:13,012 basehttp 7 140170703652544 "GET /static/admin/css/dashboard.css HTTP/1.1" 304 0
INFO 2026-04-02 10:35:13,013 basehttp 7 140170351343296 "GET /static/admin/css/responsive.css HTTP/1.1" 304 0
INFO 2026-04-02 10:35:13,017 basehttp 7 140170351343296 "GET /static/admin/js/theme.js HTTP/1.1" 304 0
INFO 2026-04-02 10:35:13,017 basehttp 7 140170703652544 "GET /static/admin/js/nav_sidebar.js HTTP/1.1" 304 0
INFO 2026-04-02 10:35:13,056 basehttp 7 140170728830656 "GET /static/admin/img/icon-addlink.svg HTTP/1.1" 304 0
INFO 2026-04-02 10:35:13,057 basehttp 7 140170712045248 "GET /static/admin/img/icon-changelink.svg HTTP/1.1" 304 0
WARNING 2026-04-02 10:35:13,131 log 7 140170728830656 Not Found: /favicon.ico
WARNING 2026-04-02 10:35:13,132 basehttp 7 140170728830656 "GET /favicon.ico HTTP/1.1" 404 2824
INFO 2026-04-02 10:35:24,231 basehttp 7 140170728830656 "GET /admin/products/product/ HTTP/1.1" 200 47298
INFO 2026-04-02 10:35:24,251 basehttp 7 140170728830656 "GET /static/admin/css/changelists.css HTTP/1.1" 304 0
INFO 2026-04-02 10:35:24,256 basehttp 7 140170712045248 "GET /static/admin/js/jquery.init.js HTTP/1.1" 304 0
INFO 2026-04-02 10:35:24,259 basehttp 7 140170703652544 "GET /static/admin/js/vendor/jquery/jquery.js HTTP/1.1" 304 0
INFO 2026-04-02 10:35:24,259 basehttp 7 140170720437952 "GET /static/admin/js/core.js HTTP/1.1" 304 0
INFO 2026-04-02 10:35:24,260 basehttp 7 140170342950592 "GET /static/admin/js/admin/RelatedObjectLookups.js HTTP/1.1" 304 0
INFO 2026-04-02 10:35:24,262 basehttp 7 140170712045248 "GET /static/admin/js/actions.js HTTP/1.1" 304 0
INFO 2026-04-02 10:35:24,263 basehttp 7 140170703652544 "GET /static/admin/js/urlify.js HTTP/1.1" 304 0
INFO 2026-04-02 10:35:24,264 basehttp 7 140170720437952 "GET /static/admin/js/prepopulate.js HTTP/1.1" 304 0
INFO 2026-04-02 10:35:24,265 basehttp 7 140170342950592 "GET /static/admin/js/vendor/xregexp/xregexp.js HTTP/1.1" 304 0
INFO 2026-04-02 10:35:24,271 basehttp 7 140170351343296 "GET /admin/jsi18n/ HTTP/1.1" 200 3342
INFO 2026-04-02 10:35:24,274 basehttp 7 140170351343296 "GET /static/admin/img/search.svg HTTP/1.1" 304 0
INFO 2026-04-02 10:35:24,301 basehttp 7 140170728830656 "GET /static/admin/img/icon-yes.svg HTTP/1.1" 304 0
INFO 2026-04-02 10:35:24,324 basehttp 7 140170342950592 "GET /static/admin/js/filters.js HTTP/1.1" 304 0
INFO 2026-04-02 10:35:24,337 basehttp 7 140170351343296 "GET /static/admin/img/tooltag-add.svg HTTP/1.1" 304 0
INFO 2026-04-02 10:35:24,339 basehttp 7 140170703652544 "GET /static/admin/img/icon-viewlink.svg HTTP/1.1" 304 0
INFO 2026-04-02 10:39:57,054 autoreload 7 139693138879232 Watching for file changes with StatReloader
INFO 2026-04-02 10:41:17,026 autoreload 7 139693138879232 /app/core/settings.py changed, reloading.
INFO 2026-04-02 10:41:18,525 autoreload 16 140225919881984 Watching for file changes with StatReloader
INFO 2026-04-02 10:43:49,752 autoreload 7 140547916395264 Watching for file changes with StatReloader
INFO 2026-04-02 10:44:42,130 autoreload 7 140547916395264 /app/core/settings.py changed, reloading.
INFO 2026-04-02 10:44:43,599 autoreload 16 140181845881600 Watching for file changes with StatReloader
INFO 2026-04-02 10:44:59,833 autoreload 7 140181652308736 Watching for file changes with StatReloader
INFO 2026-04-02 10:45:47,661 autoreload 8 140695844340480 Watching for file changes with StatReloader
INFO 2026-04-02 10:47:17,840 autoreload 7 140546473845504 Watching for file changes with StatReloader
INFO 2026-04-02 10:48:39,008 autoreload 7 140191419753216 Watching for file changes with StatReloader
INFO 2026-04-02 10:50:05,049 autoreload 7 140067250782976 Watching for file changes with StatReloader
INFO 2026-04-02 10:50:51,849 autoreload 7 139713509778176 Watching for file changes with StatReloader
INFO 2026-04-02 10:51:12,251 autoreload 7 140447578948352 Watching for file changes with StatReloader
INFO 2026-04-02 10:51:44,013 autoreload 7 139862937744128 Watching for file changes with StatReloader
INFO 2026-04-02 10:52:15,139 autoreload 7 140129750934272 Watching for file changes with StatReloader
INFO 2026-04-02 10:52:29,688 autoreload 7 140364367037184 Watching for file changes with StatReloader
INFO 2026-04-02 10:57:46,680 autoreload 7 139804392489728 Watching for file changes with StatReloader
INFO 2026-04-02 11:09:16,040 autoreload 7 139804392489728 /app/core/settings.py changed, reloading.
INFO 2026-04-02 11:09:17,649 autoreload 33 140324459438848 Watching for file changes with StatReloader
INFO 2026-04-02 11:09:20,651 autoreload 33 140324459438848 /app/core/settings.py changed, reloading.
INFO 2026-04-02 11:09:21,946 autoreload 35 140039090533120 Watching for file changes with StatReloader
INFO 2026-04-02 11:09:41,952 autoreload 35 140039090533120 /app/core/settings.py changed, reloading.
INFO 2026-04-02 11:11:37,639 autoreload 7 139947225596672 Watching for file changes with StatReloader
